0 info it worked if it ends with ok
1 verbose cli [ 'C:\\Program Files\\nodejs\\node.exe',
1 verbose cli   'C:\\Users\\New\\AppData\\Roaming\\npm\\node_modules\\npm\\bin\\npm-cli.js',
1 verbose cli   'run',
1 verbose cli   'dev' ]
2 info using npm@3.10.8
3 info using node@v4.4.7
4 verbose run-script [ 'predev', 'dev', 'postdev' ]
5 info lifecycle vue@1.0.0~predev: vue@1.0.0
6 silly lifecycle vue@1.0.0~predev: no script for predev, continuing
7 info lifecycle vue@1.0.0~dev: vue@1.0.0
8 verbose lifecycle vue@1.0.0~dev: unsafe-perm in lifecycle true
9 verbose lifecycle vue@1.0.0~dev: PATH: C:\Users\New\AppData\Roaming\npm\node_modules\npm\bin\node-gyp-bin;C:\Users\New\Desktop\vue\node_modules\.bin;C:\Users\New\AppData\Roaming\npm;C:\Program Files\nodejs\;C:\ProgramData\Oracle\Java\javapath;C:\Program Files (x86)\NVIDIA Corporation\PhysX\Common;C:\Program Files (x86)\Intel\iCLS Client\;C:\Program Files\Intel\iCLS Client\;C:\WINDOWS\system32;C:\WINDOWS;C:\WINDOWS\System32\Wbem;C:\WINDOWS\System32\WindowsPowerShell\v1.0\;C:\Program Files\Intel\Intel(R) Management Engine Components\DAL;C:\Program Files\Intel\Intel(R) Management Engine Components\IPT;C:\Program Files (x86)\Intel\Intel(R) Management Engine Components\DAL;C:\Program Files (x86)\Intel\Intel(R) Management Engine Components\IPT;C:\Program Files (x86)\ATI Technologies\ATI.ACE\Core-Static;C:\Program Files (x86)\AMD\ATI.ACE\Core-Static;C:\Program Files (x86)\Skype\Phone\;C:\WINDOWS\system32\config\systemprofile\.dnx\bin;C:\Program Files\Microsoft DNX\Dnvm\;C:\Program Files\Microsoft SQL Server\130\Tools\Binn\;C:\Program Files\nodejs\;C:\Users\New\Anaconda3;C:\Users\New\Anaconda3\Scripts;C:\Users\New\Anaconda3\Library\bin;C:\Users\New\AppData\Roaming\npm;C:\Users\New\AppData\Local\.meteor\;C:\Users\New\AppData\Local\atom\bin;C:\Program Files (x86)\Microsoft VS Code\bin;C:\Users\New\AppData\Local\Microsoft\WindowsApps;C:\Program Files\Theme Kit\
10 verbose lifecycle vue@1.0.0~dev: CWD: C:\Users\New\Desktop\vue
11 silly lifecycle vue@1.0.0~dev: Args: [ '/d /s /c', 'node build/dev-server.js' ]
12 silly lifecycle vue@1.0.0~dev: Returned: code: 3221225786  signal: null
13 info lifecycle vue@1.0.0~dev: Failed to exec dev script
14 verbose stack Error: vue@1.0.0 dev: `node build/dev-server.js`
14 verbose stack Exit status 3221225786
14 verbose stack     at EventEmitter.<anonymous> (C:\Users\New\AppData\Roaming\npm\node_modules\npm\lib\utils\lifecycle.js:255:16)
14 verbose stack     at emitTwo (events.js:87:13)
14 verbose stack     at EventEmitter.emit (events.js:172:7)
14 verbose stack     at ChildProcess.<anonymous> (C:\Users\New\AppData\Roaming\npm\node_modules\npm\lib\utils\spawn.js:40:14)
14 verbose stack     at emitTwo (events.js:87:13)
14 verbose stack     at ChildProcess.emit (events.js:172:7)
14 verbose stack     at maybeClose (internal/child_process.js:827:16)
14 verbose stack     at Process.ChildProcess._handle.onexit (internal/child_process.js:211:5)
15 verbose pkgid vue@1.0.0
16 verbose cwd C:\Users\New\Desktop\vue
17 error Windows_NT 10.0.14393
18 error argv "C:\\Program Files\\nodejs\\node.exe" "C:\\Users\\New\\AppData\\Roaming\\npm\\node_modules\\npm\\bin\\npm-cli.js" "run" "dev"
19 error node v4.4.7
20 error npm  v3.10.8
21 error code ELIFECYCLE
22 error vue@1.0.0 dev: `node build/dev-server.js`
22 error Exit status 3221225786
23 error Failed at the vue@1.0.0 dev script 'node build/dev-server.js'.
23 error Make sure you have the latest version of node.js and npm installed.
23 error If you do, this is most likely a problem with the vue package,
23 error not with npm itself.
23 error Tell the author that this fails on your system:
23 error     node build/dev-server.js
23 error You can get information on how to open an issue for this project with:
23 error     npm bugs vue
23 error Or if that isn't available, you can get their info via:
23 error     npm owner ls vue
23 error There is likely additional logging output above.
24 verbose exit [ 1, true ]
